
> selnexa-health-platform@1.0.0 dev
> vite --host 127.0.0.1


  [32m[1mVITE[22m v4.5.14[39m  [2mready in [0m[1m1692[22m[2m[0m ms[22m

  [32m➜[39m  [1mLocal[22m:   [36mhttp://127.0.0.1:[1m3000[22m/dist/[39m
[2m[32m  ➜[39m[22m[2m  press [22m[1mh[22m[2m to show help[22m
[2m14:35:49[22m [36m[1m[vite][22m[39m [32mpage reload [39m[2mincludes/header.html[22m
[2m14:35:50[22m [36m[1m[vite][22m[39m [32mpage reload [39m[2mincludes/header.html[22m
[2m14:36:08[22m [36m[1m[vite][22m[39m [32mpage reload [39m[2mincludes/footer.html[22m
[2m14:36:09[22m [36m[1m[vite][22m[39m [32mpage reload [39m[2mincludes/footer.html[22m
[2m14:37:42[22m [36m[1m[vite][22m[39m [32mpage reload [39m[2mindex.html[22m
[2m14:37:44[22m [36m[1m[vite][22m[39m [32mpage reload [39m[2mindex.html[22m
[2m14:37:49[22m [36m[1m[vite][22m[39m [32mpage reload [39m[2mindex.html[22m
[2m14:37:50[22m [36m[1m[vite][22m[39m [32mpage reload [39m[2mindex.html[22m
[2m14:37:56[22m [36m[1m[vite][22m[39m [32mpage reload [39m[2mindex.html[22m
[2m14:37:57[22m [36m[1m[vite][22m[39m [32mpage reload [39m[2mindex.html[22m
[2m14:38:01[22m [36m[1m[vite][22m[39m [32mpage reload [39m[2mindex.html[22m
[2m14:38:07[22m [36m[1m[vite][22m[39m [32mpage reload [39m[2mindex.html[22m
[2m14:38:12[22m [36m[1m[vite][22m[39m [32mpage reload [39m[2mindex.html[22m
[2m14:38:51[22m [36m[1m[vite][22m[39m [32mpage reload [39m[2mindex.html[22m
[2m14:38:52[22m [36m[1m[vite][22m[39m [32mpage reload [39m[2mindex.html[22m
[2m14:38:55[22m [36m[1m[vite][22m[39m [32mpage reload [39m[2mindex.html[22m
[2m14:38:58[22m [36m[1m[vite][22m[39m [32mpage reload [39m[2mindex.html[22m
[2m14:38:59[22m [36m[1m[vite][22m[39m [32mpage reload [39m[2mindex.html[22m
[2m14:39:02[22m [36m[1m[vite][22m[39m [32mpage reload [39m[2mindex.html[22m
[2m14:39:13[22m [36m[1m[vite][22m[39m [32mpage reload [39m[2mdist/index.html[22m
[2m14:39:17[22m [36m[1m[vite][22m[39m [32mpage reload [39m[2mdist/index.html[22m
